<?xml version="1.0" encoding="UTF-8" ?>
<testsuite failures="0" time="0.063" errors="0" skipped="0" tests="3" name="eu.scy.common.configuration.ConfigurationTest">
  <properties>
[...]
</properties>
  <testcase time="0.031" classname="eu.scy.common.configuration.ConfigurationTest" name="testString"/>
  <testcase time="0" classname="eu.scy.common.configuration.ConfigurationTest" name="testConfiguration"/>
  <testcase time="0" classname="eu.scy.common.configuration.ConfigurationTest" name="testSQLSpacesPort"/>
</testsuite>